current directory: /Users/jeff/Library/Mobile Documents/com~apple~CloudDocs/work/appsignal/test-setups/ruby/rails7-solid-queue/app/.devenv/state/.bundle/ruby/3.1.0/gems/io-console-0.7.2/ext/io/console
/nix/store/371nrncarg8z5rmbxzcxy9pqyrma3byh-ruby-3.1.4/bin/ruby extconf.rb
checking for rb_io_path()... *** extconf.rb failed ***
Could not create Makefile due to some reason, probably lack of necessary
libraries and/or headers.  Check the mkmf.log file for more details.  You may
need configuration options.

Provided configuration options:
	--with-opt-dir
	--without-opt-dir
	--with-opt-include
	--without-opt-include=${opt-dir}/include
	--with-opt-lib
	--without-opt-lib=${opt-dir}/lib
	--with-make-prog
	--without-make-prog
	--srcdir=.
	--curdir
	--ruby=/nix/store/371nrncarg8z5rmbxzcxy9pqyrma3byh-ruby-3.1.4/bin/$(RUBY_BASE_NAME)
/nix/store/371nrncarg8z5rmbxzcxy9pqyrma3byh-ruby-3.1.4/lib/ruby/3.1.0/mkmf.rb:490:in `try_do': The compiler failed to generate an executable file. (RuntimeError)
You have to install development tools first.
	from /nix/store/371nrncarg8z5rmbxzcxy9pqyrma3byh-ruby-3.1.4/lib/ruby/3.1.0/mkmf.rb:583:in `try_link0'
	from /nix/store/371nrncarg8z5rmbxzcxy9pqyrma3byh-ruby-3.1.4/lib/ruby/3.1.0/mkmf.rb:601:in `try_link'
	from /nix/store/371nrncarg8z5rmbxzcxy9pqyrma3byh-ruby-3.1.4/lib/ruby/3.1.0/mkmf.rb:812:in `try_func'
	from /nix/store/371nrncarg8z5rmbxzcxy9pqyrma3byh-ruby-3.1.4/lib/ruby/3.1.0/mkmf.rb:1116:in `block in have_func'
	from /nix/store/371nrncarg8z5rmbxzcxy9pqyrma3byh-ruby-3.1.4/lib/ruby/3.1.0/mkmf.rb:989:in `block in checking_for'
	from /nix/store/371nrncarg8z5rmbxzcxy9pqyrma3byh-ruby-3.1.4/lib/ruby/3.1.0/mkmf.rb:354:in `block (2 levels) in postpone'
	from /nix/store/371nrncarg8z5rmbxzcxy9pqyrma3byh-ruby-3.1.4/lib/ruby/3.1.0/mkmf.rb:324:in `open'
	from /nix/store/371nrncarg8z5rmbxzcxy9pqyrma3byh-ruby-3.1.4/lib/ruby/3.1.0/mkmf.rb:354:in `block in postpone'
	from /nix/store/371nrncarg8z5rmbxzcxy9pqyrma3byh-ruby-3.1.4/lib/ruby/3.1.0/mkmf.rb:324:in `open'
	from /nix/store/371nrncarg8z5rmbxzcxy9pqyrma3byh-ruby-3.1.4/lib/ruby/3.1.0/mkmf.rb:350:in `postpone'
	from /nix/store/371nrncarg8z5rmbxzcxy9pqyrma3byh-ruby-3.1.4/lib/ruby/3.1.0/mkmf.rb:988:in `checking_for'
	from /nix/store/371nrncarg8z5rmbxzcxy9pqyrma3byh-ruby-3.1.4/lib/ruby/3.1.0/mkmf.rb:1115:in `have_func'
	from extconf.rb:4:in `<main>'

To see why this extension failed to compile, please check the mkmf.log which can be found here:

  /Users/jeff/Library/Mobile Documents/com~apple~CloudDocs/work/appsignal/test-setups/ruby/rails7-solid-queue/app/.devenv/state/.bundle/ruby/3.1.0/extensions/arm64-darwin-21/3.1.0/io-console-0.7.2/mkmf.log

extconf failed, exit code 1
