current directory: /Users/jeff/Library/Mobile Documents/com~apple~CloudDocs/work/appsignal/test-setups/ruby/rails7-solid-queue/app/.devenv/state/.bundle/ruby/3.1.0/gems/msgpack-1.7.0/ext/msgpack
/nix/store/b5by7lryrd95yh7kwz7flz4zg3irfk5g-ruby-3.1.4/bin/ruby extconf.rb
checking for ruby/st.h... *** extconf.rb failed ***
Could not create Makefile due to some reason, probably lack of necessary
libraries and/or headers.  Check the mkmf.log file for more details.  You may
need configuration options.

Provided configuration options:
	--with-opt-dir
	--without-opt-dir
	--with-opt-include
	--without-opt-include=${opt-dir}/include
	--with-opt-lib
	--without-opt-lib=${opt-dir}/lib
	--with-make-prog
	--without-make-prog
	--srcdir=.
	--curdir
	--ruby=/nix/store/b5by7lryrd95yh7kwz7flz4zg3irfk5g-ruby-3.1.4/bin/$(RUBY_BASE_NAME)
	--with-ruby-dir
	--without-ruby-dir
	--with-ruby-include
	--without-ruby-include=${ruby-dir}/include
	--with-ruby-lib
	--without-ruby-lib=${ruby-dir}/lib
/nix/store/b5by7lryrd95yh7kwz7flz4zg3irfk5g-ruby-3.1.4/lib/ruby/3.1.0/mkmf.rb:490:in `try_do': The compiler failed to generate an executable file. (RuntimeError)
You have to install development tools first.
	from /nix/store/b5by7lryrd95yh7kwz7flz4zg3irfk5g-ruby-3.1.4/lib/ruby/3.1.0/mkmf.rb:616:in `block in try_compile'
	from /nix/store/b5by7lryrd95yh7kwz7flz4zg3irfk5g-ruby-3.1.4/lib/ruby/3.1.0/mkmf.rb:565:in `with_werror'
	from /nix/store/b5by7lryrd95yh7kwz7flz4zg3irfk5g-ruby-3.1.4/lib/ruby/3.1.0/mkmf.rb:616:in `try_compile'
	from /nix/store/b5by7lryrd95yh7kwz7flz4zg3irfk5g-ruby-3.1.4/lib/ruby/3.1.0/mkmf.rb:1157:in `block in have_header'
	from /nix/store/b5by7lryrd95yh7kwz7flz4zg3irfk5g-ruby-3.1.4/lib/ruby/3.1.0/mkmf.rb:989:in `block in checking_for'
	from /nix/store/b5by7lryrd95yh7kwz7flz4zg3irfk5g-ruby-3.1.4/lib/ruby/3.1.0/mkmf.rb:354:in `block (2 levels) in postpone'
	from /nix/store/b5by7lryrd95yh7kwz7flz4zg3irfk5g-ruby-3.1.4/lib/ruby/3.1.0/mkmf.rb:324:in `open'
	from /nix/store/b5by7lryrd95yh7kwz7flz4zg3irfk5g-ruby-3.1.4/lib/ruby/3.1.0/mkmf.rb:354:in `block in postpone'
	from /nix/store/b5by7lryrd95yh7kwz7flz4zg3irfk5g-ruby-3.1.4/lib/ruby/3.1.0/mkmf.rb:324:in `open'
	from /nix/store/b5by7lryrd95yh7kwz7flz4zg3irfk5g-ruby-3.1.4/lib/ruby/3.1.0/mkmf.rb:350:in `postpone'
	from /nix/store/b5by7lryrd95yh7kwz7flz4zg3irfk5g-ruby-3.1.4/lib/ruby/3.1.0/mkmf.rb:988:in `checking_for'
	from /nix/store/b5by7lryrd95yh7kwz7flz4zg3irfk5g-ruby-3.1.4/lib/ruby/3.1.0/mkmf.rb:1156:in `have_header'
	from extconf.rb:3:in `<main>'

To see why this extension failed to compile, please check the mkmf.log which can be found here:

  /Users/jeff/Library/Mobile Documents/com~apple~CloudDocs/work/appsignal/test-setups/ruby/rails7-solid-queue/app/.devenv/state/.bundle/ruby/3.1.0/extensions/arm64-darwin-22/3.1.0/msgpack-1.7.0/mkmf.log

extconf failed, exit code 1
