current directory: /Users/jeff/Library/Mobile Documents/com~apple~CloudDocs/work/appsignal/test-setups/ruby/rails7-solid-queue/app/.devenv/state/.bundle/ruby/3.1.0/gems/pg-1.5.6/ext
/nix/store/371nrncarg8z5rmbxzcxy9pqyrma3byh-ruby-3.1.4/bin/ruby extconf.rb
Calling libpq with GVL unlocked
checking for pg_config... yes
Using config values from /nix/store/bwqslbl0ahcjnnafj6hqirs73dh3hg5s-postgresql-15.6/bin/pg_config
checking for whether -Wl,-rpath,/nix/store/ws2gp519barhs448xnchmgkcpy6vv752-postgresql-15.6-lib/lib is accepted as LDFLAGS... *** extconf.rb failed ***
Could not create Makefile due to some reason, probably lack of necessary
libraries and/or headers.  Check the mkmf.log file for more details.  You may
need configuration options.

Provided configuration options:
	--with-opt-dir
	--without-opt-dir
	--with-opt-include
	--without-opt-include=${opt-dir}/include
	--with-opt-lib
	--without-opt-lib=${opt-dir}/lib
	--with-make-prog
	--without-make-prog
	--srcdir=.
	--curdir
	--ruby=/nix/store/371nrncarg8z5rmbxzcxy9pqyrma3byh-ruby-3.1.4/bin/$(RUBY_BASE_NAME)
	--with-pg
	--without-pg
	--enable-gvl-unlock
	--disable-gvl-unlock
	--enable-windows-cross
	--disable-windows-cross
	--with-pg-config
	--without-pg-config
	--with-pg_config
	--without-pg_config
	--with-pg-dir
	--without-pg-dir
	--with-pg-include
	--without-pg-include=${pg-dir}/include
	--with-pg-lib
	--without-pg-lib=${pg-dir}/lib
/nix/store/371nrncarg8z5rmbxzcxy9pqyrma3byh-ruby-3.1.4/lib/ruby/3.1.0/mkmf.rb:490:in `try_do': The compiler failed to generate an executable file. (RuntimeError)
You have to install development tools first.
	from /nix/store/371nrncarg8z5rmbxzcxy9pqyrma3byh-ruby-3.1.4/lib/ruby/3.1.0/mkmf.rb:583:in `try_link0'
	from /nix/store/371nrncarg8z5rmbxzcxy9pqyrma3byh-ruby-3.1.4/lib/ruby/3.1.0/mkmf.rb:601:in `try_link'
	from /nix/store/371nrncarg8z5rmbxzcxy9pqyrma3byh-ruby-3.1.4/lib/ruby/3.1.0/mkmf.rb:693:in `try_ldflags'
	from /nix/store/371nrncarg8z5rmbxzcxy9pqyrma3byh-ruby-3.1.4/lib/ruby/3.1.0/mkmf.rb:699:in `block (2 levels) in append_ldflags'
	from /nix/store/371nrncarg8z5rmbxzcxy9pqyrma3byh-ruby-3.1.4/lib/ruby/3.1.0/mkmf.rb:989:in `block in checking_for'
	from /nix/store/371nrncarg8z5rmbxzcxy9pqyrma3byh-ruby-3.1.4/lib/ruby/3.1.0/mkmf.rb:354:in `block (2 levels) in postpone'
	from /nix/store/371nrncarg8z5rmbxzcxy9pqyrma3byh-ruby-3.1.4/lib/ruby/3.1.0/mkmf.rb:324:in `open'
	from /nix/store/371nrncarg8z5rmbxzcxy9pqyrma3byh-ruby-3.1.4/lib/ruby/3.1.0/mkmf.rb:354:in `block in postpone'
	from /nix/store/371nrncarg8z5rmbxzcxy9pqyrma3byh-ruby-3.1.4/lib/ruby/3.1.0/mkmf.rb:324:in `open'
	from /nix/store/371nrncarg8z5rmbxzcxy9pqyrma3byh-ruby-3.1.4/lib/ruby/3.1.0/mkmf.rb:350:in `postpone'
	from /nix/store/371nrncarg8z5rmbxzcxy9pqyrma3byh-ruby-3.1.4/lib/ruby/3.1.0/mkmf.rb:988:in `checking_for'
	from /nix/store/371nrncarg8z5rmbxzcxy9pqyrma3byh-ruby-3.1.4/lib/ruby/3.1.0/mkmf.rb:698:in `block in append_ldflags'
	from /nix/store/371nrncarg8z5rmbxzcxy9pqyrma3byh-ruby-3.1.4/lib/ruby/3.1.0/mkmf.rb:697:in `each'
	from /nix/store/371nrncarg8z5rmbxzcxy9pqyrma3byh-ruby-3.1.4/lib/ruby/3.1.0/mkmf.rb:697:in `append_ldflags'
	from extconf.rb:61:in `<main>'

To see why this extension failed to compile, please check the mkmf.log which can be found here:

  /Users/jeff/Library/Mobile Documents/com~apple~CloudDocs/work/appsignal/test-setups/ruby/rails7-solid-queue/app/.devenv/state/.bundle/ruby/3.1.0/extensions/arm64-darwin-21/3.1.0/pg-1.5.6/mkmf.log

extconf failed, exit code 1
