current directory: /Users/jeff/Library/Mobile Documents/com~apple~CloudDocs/work/appsignal/test-setups/ruby/rails7-solid-queue/app/.devenv/state/.bundle/ruby/3.1.0/gems/pg-1.4.6/ext
/nix/store/371nrncarg8z5rmbxzcxy9pqyrma3byh-ruby-3.1.4/bin/ruby extconf.rb
Calling libpq with GVL unlocked
checking for pg_config... yes
Using config values from /nix/store/bwqslbl0ahcjnnafj6hqirs73dh3hg5s-postgresql-15.6/bin/pg_config
checking for whether -Wl,-rpath,/nix/store/ws2gp519barhs448xnchmgkcpy6vv752-postgresql-15.6-lib/lib is accepted as LDFLAGS... yes
Using libpq from /nix/store/ws2gp519barhs448xnchmgkcpy6vv752-postgresql-15.6-lib/lib
checking for libpq-fe.h... yes
checking for libpq/libpq-fs.h... yes
checking for pg_config_manual.h... yes
checking for PQconnectdb() in -lpq... yes
checking for PQconninfo() in libpq-fe.h... yes
checking for PQsslAttribute() in libpq-fe.h... yes
checking for PQresultVerboseErrorMessage() in libpq-fe.h... yes
checking for PQencryptPasswordConn() in libpq-fe.h... yes
checking for PQresultMemorySize() in libpq-fe.h... yes
checking for PQenterPipelineMode() in libpq-fe.h... yes
checking for timegm()... yes
checking for rb_gc_adjust_memory_usage()... yes
checking for rb_gc_mark_movable()... yes
checking for rb_io_wait()... yes
checking for unistd.h... yes
checking for inttypes.h... yes
checking for C99 variable length arrays... yes
creating extconf.h
creating Makefile

current directory: /Users/jeff/Library/Mobile Documents/com~apple~CloudDocs/work/appsignal/test-setups/ruby/rails7-solid-queue/app/.devenv/state/.bundle/ruby/3.1.0/gems/pg-1.4.6/ext
make DESTDIR\= sitearchdir\=./.gem.20240329-84458-c9pbm8 sitelibdir\=./.gem.20240329-84458-c9pbm8 clean

current directory: /Users/jeff/Library/Mobile Documents/com~apple~CloudDocs/work/appsignal/test-setups/ruby/rails7-solid-queue/app/.devenv/state/.bundle/ruby/3.1.0/gems/pg-1.4.6/ext
make DESTDIR\= sitearchdir\=./.gem.20240329-84458-c9pbm8 sitelibdir\=./.gem.20240329-84458-c9pbm8
compiling gvl_wrappers.c
compiling pg.c
compiling pg_binary_decoder.c
compiling pg_binary_encoder.c
compiling pg_coder.c
compiling pg_connection.c
pg_connection.c:41:1: warning: function 'pg_raise_conn_error' could be declared with attribute 'noreturn' [-Wmissing-noreturn]
{
^
1 warning generated.
compiling pg_copy_coder.c
compiling pg_errors.c
compiling pg_record_coder.c
compiling pg_result.c
compiling pg_text_decoder.c
compiling pg_text_encoder.c
compiling pg_tuple.c
compiling pg_type_map.c
compiling pg_type_map_all_strings.c
compiling pg_type_map_by_class.c
compiling pg_type_map_by_column.c
compiling pg_type_map_by_mri_type.c
compiling pg_type_map_by_oid.c
compiling pg_type_map_in_ruby.c
compiling pg_util.c
linking shared-object pg_ext.bundle
ld: warning: directory not found for option '-L/nix/store/eeeeeeeeeeeeeeeeeeeeeeeeeeeeeeee-clang-wrapper-16.0.6/resource-root/lib'

current directory: /Users/jeff/Library/Mobile Documents/com~apple~CloudDocs/work/appsignal/test-setups/ruby/rails7-solid-queue/app/.devenv/state/.bundle/ruby/3.1.0/gems/pg-1.4.6/ext
make DESTDIR\= sitearchdir\=./.gem.20240329-84458-c9pbm8 sitelibdir\=./.gem.20240329-84458-c9pbm8 install
install -c -p -m 755 pg_ext.bundle ./.gem.20240329-84458-c9pbm8
installing pg_ext libraries
install -c -p -m 644 postgresql_lib_path.rb .gem.20240329-84458-c9pbm8/pg/

current directory: /Users/jeff/Library/Mobile Documents/com~apple~CloudDocs/work/appsignal/test-setups/ruby/rails7-solid-queue/app/.devenv/state/.bundle/ruby/3.1.0/gems/pg-1.4.6/ext
make DESTDIR\= sitearchdir\=./.gem.20240329-84458-c9pbm8 sitelibdir\=./.gem.20240329-84458-c9pbm8 clean
