find_executable: checking for pg_config... -------------------- yes

--------------------

block in append_ldflags: checking for whether -Wl,-rpath,/nix/store/ws2gp519barhs448xnchmgkcpy6vv752-postgresql-15.6-lib/lib is accepted as LDFLAGS... -------------------- yes

DYLD_FALLBACK_LIBRARY_PATH=.:/nix/store/371nrncarg8z5rmbxzcxy9pqyrma3byh-ruby-3.1.4/lib "cc -o conftest -I/nix/store/371nrncarg8z5rmbxzcxy9pqyrma3byh-ruby-3.1.4/include/ruby-3.1.0/arm64-darwin21 -I/nix/store/371nrncarg8z5rmbxzcxy9pqyrma3byh-ruby-3.1.4/include/ruby-3.1.0/ruby/backward -I/nix/store/371nrncarg8z5rmbxzcxy9pqyrma3byh-ruby-3.1.4/include/ruby-3.1.0 -I. -I/nix/store/bwqslbl0ahcjnnafj6hqirs73dh3hg5s-postgresql-15.6/include -D_XOPEN_SOURCE -D_DARWIN_C_SOURCE -D_DARWIN_UNLIMITED_SELECT -D_REENTRANT   -fdeclspec -O3 -fno-fast-math -ggdb3 -Wall -Wextra -Wdeprecated-declarations -Wdivision-by-zero -Wimplicit-function-declaration -Wimplicit-int -Wmisleading-indentation -Wpointer-arith -Wshorten-64-to-32 -Wwrite-strings -Wold-style-definition -Wmissing-noreturn -Wno-cast-function-type -Wno-constant-logical-operand -Wno-long-long -Wno-missing-field-initializers -Wno-overlength-strings -Wno-parentheses-equality -Wno-self-assign -Wno-tautological-compare -Wno-unused-parameter -Wno-unused-value -Wunused-variable -Wextra-tokens -Wundef  -fno-common -pipe conftest.c  -L. -L/nix/store/371nrncarg8z5rmbxzcxy9pqyrma3byh-ruby-3.1.4/lib -L/nix/store/ws2gp519barhs448xnchmgkcpy6vv752-postgresql-15.6-lib/lib -L. -fstack-protector-strong -L/nix/store/dxf64wsfm6zzk4zqfsrd6pp1b1hpaa4k-libffi-3.4.6-dev/lib -L/nix/store/ddgw7xgm2z0xid2yd1d6plvmyb788gwz-ncurses-6.4-dev/lib -L/nix/store/lylg64gvabjy1jy1hla74jbaz0qm3xnm-readline-8.2p10-dev/lib -L/nix/store/cqd4jmx3ampyzq478lpkcaar3hxvf2cl-zlib-1.3.1-dev/lib -L/nix/store/qq2max2fnfhsxw2gajp7p2g3gfrkas41-openssl-3.0.13-dev/lib -L/nix/store/6cp76khcv16cr476w8nwfh40cbwk7ydv-gdbm-1.23/lib -L/nix/store/qm6saw7gf1mldn52r82zxw4bxilif0hk-libyaml-0.2.5-dev/lib -L/nix/store/p50dmis6dfj9i5qz7xyqkmdc928bv8c6-libiconv-50/lib -L/nix/store/7mjwvy5nnrbjq9x89cjknihx4138d9nx-libobjc-11.0.0/lib -L/nix/store/eeeeeeeeeeeeeeeeeeeeeeeeeeeeeeee-clang-wrapper-16.0.6/resource-root/lib -L/nix/store/0mkl2829j4dmbwfcip3y7aqchb0amg5w-libSystem-11.0.0/lib     -lruby-3.1.4   "
ld: warning: directory not found for option '-L/nix/store/eeeeeeeeeeeeeeeeeeeeeeeeeeeeeeee-clang-wrapper-16.0.6/resource-root/lib'
checked program was:
/* begin */
1: #include "ruby.h"
2: 
3: int main(int argc, char **argv)
4: {
5:   return !!argv[argc];
6: }
/* end */

DYLD_FALLBACK_LIBRARY_PATH=.:/nix/store/371nrncarg8z5rmbxzcxy9pqyrma3byh-ruby-3.1.4/lib "cc -o conftest -I/nix/store/371nrncarg8z5rmbxzcxy9pqyrma3byh-ruby-3.1.4/include/ruby-3.1.0/arm64-darwin21 -I/nix/store/371nrncarg8z5rmbxzcxy9pqyrma3byh-ruby-3.1.4/include/ruby-3.1.0/ruby/backward -I/nix/store/371nrncarg8z5rmbxzcxy9pqyrma3byh-ruby-3.1.4/include/ruby-3.1.0 -I. -I/nix/store/bwqslbl0ahcjnnafj6hqirs73dh3hg5s-postgresql-15.6/include -D_XOPEN_SOURCE -D_DARWIN_C_SOURCE -D_DARWIN_UNLIMITED_SELECT -D_REENTRANT   -fdeclspec -O3 -fno-fast-math -ggdb3 -Wall -Wextra -Wdeprecated-declarations -Wdivision-by-zero -Wimplicit-function-declaration -Wimplicit-int -Wmisleading-indentation -Wpointer-arith -Wshorten-64-to-32 -Wwrite-strings -Wold-style-definition -Wmissing-noreturn -Wno-cast-function-type -Wno-constant-logical-operand -Wno-long-long -Wno-missing-field-initializers -Wno-overlength-strings -Wno-parentheses-equality -Wno-self-assign -Wno-tautological-compare -Wno-unused-parameter -Wno-unused-value -Wunused-variable -Wextra-tokens -Wundef  -fno-common -pipe conftest.c  -L. -L/nix/store/371nrncarg8z5rmbxzcxy9pqyrma3byh-ruby-3.1.4/lib -L/nix/store/ws2gp519barhs448xnchmgkcpy6vv752-postgresql-15.6-lib/lib -L. -fstack-protector-strong -L/nix/store/dxf64wsfm6zzk4zqfsrd6pp1b1hpaa4k-libffi-3.4.6-dev/lib -L/nix/store/ddgw7xgm2z0xid2yd1d6plvmyb788gwz-ncurses-6.4-dev/lib -L/nix/store/lylg64gvabjy1jy1hla74jbaz0qm3xnm-readline-8.2p10-dev/lib -L/nix/store/cqd4jmx3ampyzq478lpkcaar3hxvf2cl-zlib-1.3.1-dev/lib -L/nix/store/qq2max2fnfhsxw2gajp7p2g3gfrkas41-openssl-3.0.13-dev/lib -L/nix/store/6cp76khcv16cr476w8nwfh40cbwk7ydv-gdbm-1.23/lib -L/nix/store/qm6saw7gf1mldn52r82zxw4bxilif0hk-libyaml-0.2.5-dev/lib -L/nix/store/p50dmis6dfj9i5qz7xyqkmdc928bv8c6-libiconv-50/lib -L/nix/store/7mjwvy5nnrbjq9x89cjknihx4138d9nx-libobjc-11.0.0/lib -L/nix/store/eeeeeeeeeeeeeeeeeeeeeeeeeeeeeeee-clang-wrapper-16.0.6/resource-root/lib -L/nix/store/0mkl2829j4dmbwfcip3y7aqchb0amg5w-libSystem-11.0.0/lib     -lruby-3.1.4 -Wl,-rpath,/nix/store/ws2gp519barhs448xnchmgkcpy6vv752-postgresql-15.6-lib/lib  "
ld: warning: directory not found for option '-L/nix/store/eeeeeeeeeeeeeeeeeeeeeeeeeeeeeeee-clang-wrapper-16.0.6/resource-root/lib'
checked program was:
/* begin */
1: #include "ruby.h"
2: 
3: int main(int argc, char **argv)
4: {
5:   return !!argv[argc];
6: }
/* end */

--------------------

find_header: checking for libpq-fe.h... -------------------- yes

DYLD_FALLBACK_LIBRARY_PATH=.:/nix/store/371nrncarg8z5rmbxzcxy9pqyrma3byh-ruby-3.1.4/lib "cc -I/nix/store/371nrncarg8z5rmbxzcxy9pqyrma3byh-ruby-3.1.4/include/ruby-3.1.0/arm64-darwin21 -I/nix/store/371nrncarg8z5rmbxzcxy9pqyrma3byh-ruby-3.1.4/include/ruby-3.1.0/ruby/backward -I/nix/store/371nrncarg8z5rmbxzcxy9pqyrma3byh-ruby-3.1.4/include/ruby-3.1.0 -I. -I/nix/store/bwqslbl0ahcjnnafj6hqirs73dh3hg5s-postgresql-15.6/include -D_XOPEN_SOURCE -D_DARWIN_C_SOURCE -D_DARWIN_UNLIMITED_SELECT -D_REENTRANT   -fdeclspec -O3 -fno-fast-math -ggdb3 -Wall -Wextra -Wdeprecated-declarations -Wdivision-by-zero -Wimplicit-function-declaration -Wimplicit-int -Wmisleading-indentation -Wpointer-arith -Wshorten-64-to-32 -Wwrite-strings -Wold-style-definition -Wmissing-noreturn -Wno-cast-function-type -Wno-constant-logical-operand -Wno-long-long -Wno-missing-field-initializers -Wno-overlength-strings -Wno-parentheses-equality -Wno-self-assign -Wno-tautological-compare -Wno-unused-parameter -Wno-unused-value -Wunused-variable -Wextra-tokens -Wundef  -fno-common -pipe   -c conftest.c"
checked program was:
/* begin */
1: #include "ruby.h"
2: 
3: #include <libpq-fe.h>
/* end */

--------------------

find_header: checking for libpq/libpq-fs.h... -------------------- yes

DYLD_FALLBACK_LIBRARY_PATH=.:/nix/store/371nrncarg8z5rmbxzcxy9pqyrma3byh-ruby-3.1.4/lib "cc -I/nix/store/371nrncarg8z5rmbxzcxy9pqyrma3byh-ruby-3.1.4/include/ruby-3.1.0/arm64-darwin21 -I/nix/store/371nrncarg8z5rmbxzcxy9pqyrma3byh-ruby-3.1.4/include/ruby-3.1.0/ruby/backward -I/nix/store/371nrncarg8z5rmbxzcxy9pqyrma3byh-ruby-3.1.4/include/ruby-3.1.0 -I. -I/nix/store/bwqslbl0ahcjnnafj6hqirs73dh3hg5s-postgresql-15.6/include -D_XOPEN_SOURCE -D_DARWIN_C_SOURCE -D_DARWIN_UNLIMITED_SELECT -D_REENTRANT   -fdeclspec -O3 -fno-fast-math -ggdb3 -Wall -Wextra -Wdeprecated-declarations -Wdivision-by-zero -Wimplicit-function-declaration -Wimplicit-int -Wmisleading-indentation -Wpointer-arith -Wshorten-64-to-32 -Wwrite-strings -Wold-style-definition -Wmissing-noreturn -Wno-cast-function-type -Wno-constant-logical-operand -Wno-long-long -Wno-missing-field-initializers -Wno-overlength-strings -Wno-parentheses-equality -Wno-self-assign -Wno-tautological-compare -Wno-unused-parameter -Wno-unused-value -Wunused-variable -Wextra-tokens -Wundef  -fno-common -pipe   -c conftest.c"
checked program was:
/* begin */
1: #include "ruby.h"
2: 
3: #include <libpq/libpq-fs.h>
/* end */

--------------------

find_header: checking for pg_config_manual.h... -------------------- yes

DYLD_FALLBACK_LIBRARY_PATH=.:/nix/store/371nrncarg8z5rmbxzcxy9pqyrma3byh-ruby-3.1.4/lib "cc -I/nix/store/371nrncarg8z5rmbxzcxy9pqyrma3byh-ruby-3.1.4/include/ruby-3.1.0/arm64-darwin21 -I/nix/store/371nrncarg8z5rmbxzcxy9pqyrma3byh-ruby-3.1.4/include/ruby-3.1.0/ruby/backward -I/nix/store/371nrncarg8z5rmbxzcxy9pqyrma3byh-ruby-3.1.4/include/ruby-3.1.0 -I. -I/nix/store/bwqslbl0ahcjnnafj6hqirs73dh3hg5s-postgresql-15.6/include -D_XOPEN_SOURCE -D_DARWIN_C_SOURCE -D_DARWIN_UNLIMITED_SELECT -D_REENTRANT   -fdeclspec -O3 -fno-fast-math -ggdb3 -Wall -Wextra -Wdeprecated-declarations -Wdivision-by-zero -Wimplicit-function-declaration -Wimplicit-int -Wmisleading-indentation -Wpointer-arith -Wshorten-64-to-32 -Wwrite-strings -Wold-style-definition -Wmissing-noreturn -Wno-cast-function-type -Wno-constant-logical-operand -Wno-long-long -Wno-missing-field-initializers -Wno-overlength-strings -Wno-parentheses-equality -Wno-self-assign -Wno-tautological-compare -Wno-unused-parameter -Wno-unused-value -Wunused-variable -Wextra-tokens -Wundef  -fno-common -pipe   -c conftest.c"
checked program was:
/* begin */
1: #include "ruby.h"
2: 
3: #include <pg_config_manual.h>
/* end */

--------------------

have_library: checking for PQconnectdb() in -lpq... -------------------- yes

DYLD_FALLBACK_LIBRARY_PATH=.:/nix/store/371nrncarg8z5rmbxzcxy9pqyrma3byh-ruby-3.1.4/lib "cc -o conftest -I/nix/store/371nrncarg8z5rmbxzcxy9pqyrma3byh-ruby-3.1.4/include/ruby-3.1.0/arm64-darwin21 -I/nix/store/371nrncarg8z5rmbxzcxy9pqyrma3byh-ruby-3.1.4/include/ruby-3.1.0/ruby/backward -I/nix/store/371nrncarg8z5rmbxzcxy9pqyrma3byh-ruby-3.1.4/include/ruby-3.1.0 -I. -I/nix/store/bwqslbl0ahcjnnafj6hqirs73dh3hg5s-postgresql-15.6/include -D_XOPEN_SOURCE -D_DARWIN_C_SOURCE -D_DARWIN_UNLIMITED_SELECT -D_REENTRANT   -fdeclspec -O3 -fno-fast-math -ggdb3 -Wall -Wextra -Wdeprecated-declarations -Wdivision-by-zero -Wimplicit-function-declaration -Wimplicit-int -Wmisleading-indentation -Wpointer-arith -Wshorten-64-to-32 -Wwrite-strings -Wold-style-definition -Wmissing-noreturn -Wno-cast-function-type -Wno-constant-logical-operand -Wno-long-long -Wno-missing-field-initializers -Wno-overlength-strings -Wno-parentheses-equality -Wno-self-assign -Wno-tautological-compare -Wno-unused-parameter -Wno-unused-value -Wunused-variable -Wextra-tokens -Wundef  -fno-common -pipe conftest.c  -L. -L/nix/store/371nrncarg8z5rmbxzcxy9pqyrma3byh-ruby-3.1.4/lib -L/nix/store/ws2gp519barhs448xnchmgkcpy6vv752-postgresql-15.6-lib/lib -L. -fstack-protector-strong -L/nix/store/dxf64wsfm6zzk4zqfsrd6pp1b1hpaa4k-libffi-3.4.6-dev/lib -L/nix/store/ddgw7xgm2z0xid2yd1d6plvmyb788gwz-ncurses-6.4-dev/lib -L/nix/store/lylg64gvabjy1jy1hla74jbaz0qm3xnm-readline-8.2p10-dev/lib -L/nix/store/cqd4jmx3ampyzq478lpkcaar3hxvf2cl-zlib-1.3.1-dev/lib -L/nix/store/qq2max2fnfhsxw2gajp7p2g3gfrkas41-openssl-3.0.13-dev/lib -L/nix/store/6cp76khcv16cr476w8nwfh40cbwk7ydv-gdbm-1.23/lib -L/nix/store/qm6saw7gf1mldn52r82zxw4bxilif0hk-libyaml-0.2.5-dev/lib -L/nix/store/p50dmis6dfj9i5qz7xyqkmdc928bv8c6-libiconv-50/lib -L/nix/store/7mjwvy5nnrbjq9x89cjknihx4138d9nx-libobjc-11.0.0/lib -L/nix/store/eeeeeeeeeeeeeeeeeeeeeeeeeeeeeeee-clang-wrapper-16.0.6/resource-root/lib -L/nix/store/0mkl2829j4dmbwfcip3y7aqchb0amg5w-libSystem-11.0.0/lib -Wl,-rpath,/nix/store/ws2gp519barhs448xnchmgkcpy6vv752-postgresql-15.6-lib/lib     -lruby-3.1.4 -lpq   "
ld: warning: directory not found for option '-L/nix/store/eeeeeeeeeeeeeeeeeeeeeeeeeeeeeeee-clang-wrapper-16.0.6/resource-root/lib'
checked program was:
/* begin */
 1: #include "ruby.h"
 2: 
 3: #include <libpq-fe.h>
 4: 
 5: /*top*/
 6: extern int t(void);
 7: int main(int argc, char **argv)
 8: {
 9:   if (argc > 1000000) {
10:     int (* volatile tp)(void)=(int (*)(void))&t;
11:     printf("%d", (*tp)());
12:   }
13: 
14:   return !!argv[argc];
15: }
16: int t(void) { void ((*volatile p)()); p = (void ((*)()))PQconnectdb; return !p; }
/* end */

--------------------

have_func: checking for PQconninfo() in libpq-fe.h... -------------------- yes

DYLD_FALLBACK_LIBRARY_PATH=.:/nix/store/371nrncarg8z5rmbxzcxy9pqyrma3byh-ruby-3.1.4/lib "cc -o conftest -I/nix/store/371nrncarg8z5rmbxzcxy9pqyrma3byh-ruby-3.1.4/include/ruby-3.1.0/arm64-darwin21 -I/nix/store/371nrncarg8z5rmbxzcxy9pqyrma3byh-ruby-3.1.4/include/ruby-3.1.0/ruby/backward -I/nix/store/371nrncarg8z5rmbxzcxy9pqyrma3byh-ruby-3.1.4/include/ruby-3.1.0 -I. -I/nix/store/bwqslbl0ahcjnnafj6hqirs73dh3hg5s-postgresql-15.6/include -D_XOPEN_SOURCE -D_DARWIN_C_SOURCE -D_DARWIN_UNLIMITED_SELECT -D_REENTRANT   -fdeclspec -O3 -fno-fast-math -ggdb3 -Wall -Wextra -Wdeprecated-declarations -Wdivision-by-zero -Wimplicit-function-declaration -Wimplicit-int -Wmisleading-indentation -Wpointer-arith -Wshorten-64-to-32 -Wwrite-strings -Wold-style-definition -Wmissing-noreturn -Wno-cast-function-type -Wno-constant-logical-operand -Wno-long-long -Wno-missing-field-initializers -Wno-overlength-strings -Wno-parentheses-equality -Wno-self-assign -Wno-tautological-compare -Wno-unused-parameter -Wno-unused-value -Wunused-variable -Wextra-tokens -Wundef  -fno-common -pipe conftest.c  -L. -L/nix/store/371nrncarg8z5rmbxzcxy9pqyrma3byh-ruby-3.1.4/lib -L/nix/store/ws2gp519barhs448xnchmgkcpy6vv752-postgresql-15.6-lib/lib -L. -fstack-protector-strong -L/nix/store/dxf64wsfm6zzk4zqfsrd6pp1b1hpaa4k-libffi-3.4.6-dev/lib -L/nix/store/ddgw7xgm2z0xid2yd1d6plvmyb788gwz-ncurses-6.4-dev/lib -L/nix/store/lylg64gvabjy1jy1hla74jbaz0qm3xnm-readline-8.2p10-dev/lib -L/nix/store/cqd4jmx3ampyzq478lpkcaar3hxvf2cl-zlib-1.3.1-dev/lib -L/nix/store/qq2max2fnfhsxw2gajp7p2g3gfrkas41-openssl-3.0.13-dev/lib -L/nix/store/6cp76khcv16cr476w8nwfh40cbwk7ydv-gdbm-1.23/lib -L/nix/store/qm6saw7gf1mldn52r82zxw4bxilif0hk-libyaml-0.2.5-dev/lib -L/nix/store/p50dmis6dfj9i5qz7xyqkmdc928bv8c6-libiconv-50/lib -L/nix/store/7mjwvy5nnrbjq9x89cjknihx4138d9nx-libobjc-11.0.0/lib -L/nix/store/eeeeeeeeeeeeeeeeeeeeeeeeeeeeeeee-clang-wrapper-16.0.6/resource-root/lib -L/nix/store/0mkl2829j4dmbwfcip3y7aqchb0amg5w-libSystem-11.0.0/lib -Wl,-rpath,/nix/store/ws2gp519barhs448xnchmgkcpy6vv752-postgresql-15.6-lib/lib    -lpq  -lruby-3.1.4 -lpq   "
ld: warning: directory not found for option '-L/nix/store/eeeeeeeeeeeeeeeeeeeeeeeeeeeeeeee-clang-wrapper-16.0.6/resource-root/lib'
checked program was:
/* begin */
 1: #include "ruby.h"
 2: 
 3: #include <libpq-fe.h>
 4: 
 5: /*top*/
 6: extern int t(void);
 7: int main(int argc, char **argv)
 8: {
 9:   if (argc > 1000000) {
10:     int (* volatile tp)(void)=(int (*)(void))&t;
11:     printf("%d", (*tp)());
12:   }
13: 
14:   return !!argv[argc];
15: }
16: int t(void) { void ((*volatile p)()); p = (void ((*)()))PQconninfo; return !p; }
/* end */

--------------------

have_func: checking for PQsslAttribute() in libpq-fe.h... -------------------- yes

DYLD_FALLBACK_LIBRARY_PATH=.:/nix/store/371nrncarg8z5rmbxzcxy9pqyrma3byh-ruby-3.1.4/lib "cc -o conftest -I/nix/store/371nrncarg8z5rmbxzcxy9pqyrma3byh-ruby-3.1.4/include/ruby-3.1.0/arm64-darwin21 -I/nix/store/371nrncarg8z5rmbxzcxy9pqyrma3byh-ruby-3.1.4/include/ruby-3.1.0/ruby/backward -I/nix/store/371nrncarg8z5rmbxzcxy9pqyrma3byh-ruby-3.1.4/include/ruby-3.1.0 -I. -I/nix/store/bwqslbl0ahcjnnafj6hqirs73dh3hg5s-postgresql-15.6/include -D_XOPEN_SOURCE -D_DARWIN_C_SOURCE -D_DARWIN_UNLIMITED_SELECT -D_REENTRANT   -fdeclspec -O3 -fno-fast-math -ggdb3 -Wall -Wextra -Wdeprecated-declarations -Wdivision-by-zero -Wimplicit-function-declaration -Wimplicit-int -Wmisleading-indentation -Wpointer-arith -Wshorten-64-to-32 -Wwrite-strings -Wold-style-definition -Wmissing-noreturn -Wno-cast-function-type -Wno-constant-logical-operand -Wno-long-long -Wno-missing-field-initializers -Wno-overlength-strings -Wno-parentheses-equality -Wno-self-assign -Wno-tautological-compare -Wno-unused-parameter -Wno-unused-value -Wunused-variable -Wextra-tokens -Wundef  -fno-common -pipe conftest.c  -L. -L/nix/store/371nrncarg8z5rmbxzcxy9pqyrma3byh-ruby-3.1.4/lib -L/nix/store/ws2gp519barhs448xnchmgkcpy6vv752-postgresql-15.6-lib/lib -L. -fstack-protector-strong -L/nix/store/dxf64wsfm6zzk4zqfsrd6pp1b1hpaa4k-libffi-3.4.6-dev/lib -L/nix/store/ddgw7xgm2z0xid2yd1d6plvmyb788gwz-ncurses-6.4-dev/lib -L/nix/store/lylg64gvabjy1jy1hla74jbaz0qm3xnm-readline-8.2p10-dev/lib -L/nix/store/cqd4jmx3ampyzq478lpkcaar3hxvf2cl-zlib-1.3.1-dev/lib -L/nix/store/qq2max2fnfhsxw2gajp7p2g3gfrkas41-openssl-3.0.13-dev/lib -L/nix/store/6cp76khcv16cr476w8nwfh40cbwk7ydv-gdbm-1.23/lib -L/nix/store/qm6saw7gf1mldn52r82zxw4bxilif0hk-libyaml-0.2.5-dev/lib -L/nix/store/p50dmis6dfj9i5qz7xyqkmdc928bv8c6-libiconv-50/lib -L/nix/store/7mjwvy5nnrbjq9x89cjknihx4138d9nx-libobjc-11.0.0/lib -L/nix/store/eeeeeeeeeeeeeeeeeeeeeeeeeeeeeeee-clang-wrapper-16.0.6/resource-root/lib -L/nix/store/0mkl2829j4dmbwfcip3y7aqchb0amg5w-libSystem-11.0.0/lib -Wl,-rpath,/nix/store/ws2gp519barhs448xnchmgkcpy6vv752-postgresql-15.6-lib/lib    -lpq  -lruby-3.1.4 -lpq   "
ld: warning: directory not found for option '-L/nix/store/eeeeeeeeeeeeeeeeeeeeeeeeeeeeeeee-clang-wrapper-16.0.6/resource-root/lib'
checked program was:
/* begin */
 1: #include "ruby.h"
 2: 
 3: #include <libpq-fe.h>
 4: 
 5: /*top*/
 6: extern int t(void);
 7: int main(int argc, char **argv)
 8: {
 9:   if (argc > 1000000) {
10:     int (* volatile tp)(void)=(int (*)(void))&t;
11:     printf("%d", (*tp)());
12:   }
13: 
14:   return !!argv[argc];
15: }
16: int t(void) { void ((*volatile p)()); p = (void ((*)()))PQsslAttribute; return !p; }
/* end */

--------------------

have_func: checking for PQresultVerboseErrorMessage() in libpq-fe.h... -------------------- yes

DYLD_FALLBACK_LIBRARY_PATH=.:/nix/store/371nrncarg8z5rmbxzcxy9pqyrma3byh-ruby-3.1.4/lib "cc -o conftest -I/nix/store/371nrncarg8z5rmbxzcxy9pqyrma3byh-ruby-3.1.4/include/ruby-3.1.0/arm64-darwin21 -I/nix/store/371nrncarg8z5rmbxzcxy9pqyrma3byh-ruby-3.1.4/include/ruby-3.1.0/ruby/backward -I/nix/store/371nrncarg8z5rmbxzcxy9pqyrma3byh-ruby-3.1.4/include/ruby-3.1.0 -I. -I/nix/store/bwqslbl0ahcjnnafj6hqirs73dh3hg5s-postgresql-15.6/include -D_XOPEN_SOURCE -D_DARWIN_C_SOURCE -D_DARWIN_UNLIMITED_SELECT -D_REENTRANT   -fdeclspec -O3 -fno-fast-math -ggdb3 -Wall -Wextra -Wdeprecated-declarations -Wdivision-by-zero -Wimplicit-function-declaration -Wimplicit-int -Wmisleading-indentation -Wpointer-arith -Wshorten-64-to-32 -Wwrite-strings -Wold-style-definition -Wmissing-noreturn -Wno-cast-function-type -Wno-constant-logical-operand -Wno-long-long -Wno-missing-field-initializers -Wno-overlength-strings -Wno-parentheses-equality -Wno-self-assign -Wno-tautological-compare -Wno-unused-parameter -Wno-unused-value -Wunused-variable -Wextra-tokens -Wundef  -fno-common -pipe conftest.c  -L. -L/nix/store/371nrncarg8z5rmbxzcxy9pqyrma3byh-ruby-3.1.4/lib -L/nix/store/ws2gp519barhs448xnchmgkcpy6vv752-postgresql-15.6-lib/lib -L. -fstack-protector-strong -L/nix/store/dxf64wsfm6zzk4zqfsrd6pp1b1hpaa4k-libffi-3.4.6-dev/lib -L/nix/store/ddgw7xgm2z0xid2yd1d6plvmyb788gwz-ncurses-6.4-dev/lib -L/nix/store/lylg64gvabjy1jy1hla74jbaz0qm3xnm-readline-8.2p10-dev/lib -L/nix/store/cqd4jmx3ampyzq478lpkcaar3hxvf2cl-zlib-1.3.1-dev/lib -L/nix/store/qq2max2fnfhsxw2gajp7p2g3gfrkas41-openssl-3.0.13-dev/lib -L/nix/store/6cp76khcv16cr476w8nwfh40cbwk7ydv-gdbm-1.23/lib -L/nix/store/qm6saw7gf1mldn52r82zxw4bxilif0hk-libyaml-0.2.5-dev/lib -L/nix/store/p50dmis6dfj9i5qz7xyqkmdc928bv8c6-libiconv-50/lib -L/nix/store/7mjwvy5nnrbjq9x89cjknihx4138d9nx-libobjc-11.0.0/lib -L/nix/store/eeeeeeeeeeeeeeeeeeeeeeeeeeeeeeee-clang-wrapper-16.0.6/resource-root/lib -L/nix/store/0mkl2829j4dmbwfcip3y7aqchb0amg5w-libSystem-11.0.0/lib -Wl,-rpath,/nix/store/ws2gp519barhs448xnchmgkcpy6vv752-postgresql-15.6-lib/lib    -lpq  -lruby-3.1.4 -lpq   "
ld: warning: directory not found for option '-L/nix/store/eeeeeeeeeeeeeeeeeeeeeeeeeeeeeeee-clang-wrapper-16.0.6/resource-root/lib'
checked program was:
/* begin */
 1: #include "ruby.h"
 2: 
 3: #include <libpq-fe.h>
 4: 
 5: /*top*/
 6: extern int t(void);
 7: int main(int argc, char **argv)
 8: {
 9:   if (argc > 1000000) {
10:     int (* volatile tp)(void)=(int (*)(void))&t;
11:     printf("%d", (*tp)());
12:   }
13: 
14:   return !!argv[argc];
15: }
16: int t(void) { void ((*volatile p)()); p = (void ((*)()))PQresultVerboseErrorMessage; return !p; }
/* end */

--------------------

have_func: checking for PQencryptPasswordConn() in libpq-fe.h... -------------------- yes

DYLD_FALLBACK_LIBRARY_PATH=.:/nix/store/371nrncarg8z5rmbxzcxy9pqyrma3byh-ruby-3.1.4/lib "cc -o conftest -I/nix/store/371nrncarg8z5rmbxzcxy9pqyrma3byh-ruby-3.1.4/include/ruby-3.1.0/arm64-darwin21 -I/nix/store/371nrncarg8z5rmbxzcxy9pqyrma3byh-ruby-3.1.4/include/ruby-3.1.0/ruby/backward -I/nix/store/371nrncarg8z5rmbxzcxy9pqyrma3byh-ruby-3.1.4/include/ruby-3.1.0 -I. -I/nix/store/bwqslbl0ahcjnnafj6hqirs73dh3hg5s-postgresql-15.6/include -D_XOPEN_SOURCE -D_DARWIN_C_SOURCE -D_DARWIN_UNLIMITED_SELECT -D_REENTRANT   -fdeclspec -O3 -fno-fast-math -ggdb3 -Wall -Wextra -Wdeprecated-declarations -Wdivision-by-zero -Wimplicit-function-declaration -Wimplicit-int -Wmisleading-indentation -Wpointer-arith -Wshorten-64-to-32 -Wwrite-strings -Wold-style-definition -Wmissing-noreturn -Wno-cast-function-type -Wno-constant-logical-operand -Wno-long-long -Wno-missing-field-initializers -Wno-overlength-strings -Wno-parentheses-equality -Wno-self-assign -Wno-tautological-compare -Wno-unused-parameter -Wno-unused-value -Wunused-variable -Wextra-tokens -Wundef  -fno-common -pipe conftest.c  -L. -L/nix/store/371nrncarg8z5rmbxzcxy9pqyrma3byh-ruby-3.1.4/lib -L/nix/store/ws2gp519barhs448xnchmgkcpy6vv752-postgresql-15.6-lib/lib -L. -fstack-protector-strong -L/nix/store/dxf64wsfm6zzk4zqfsrd6pp1b1hpaa4k-libffi-3.4.6-dev/lib -L/nix/store/ddgw7xgm2z0xid2yd1d6plvmyb788gwz-ncurses-6.4-dev/lib -L/nix/store/lylg64gvabjy1jy1hla74jbaz0qm3xnm-readline-8.2p10-dev/lib -L/nix/store/cqd4jmx3ampyzq478lpkcaar3hxvf2cl-zlib-1.3.1-dev/lib -L/nix/store/qq2max2fnfhsxw2gajp7p2g3gfrkas41-openssl-3.0.13-dev/lib -L/nix/store/6cp76khcv16cr476w8nwfh40cbwk7ydv-gdbm-1.23/lib -L/nix/store/qm6saw7gf1mldn52r82zxw4bxilif0hk-libyaml-0.2.5-dev/lib -L/nix/store/p50dmis6dfj9i5qz7xyqkmdc928bv8c6-libiconv-50/lib -L/nix/store/7mjwvy5nnrbjq9x89cjknihx4138d9nx-libobjc-11.0.0/lib -L/nix/store/eeeeeeeeeeeeeeeeeeeeeeeeeeeeeeee-clang-wrapper-16.0.6/resource-root/lib -L/nix/store/0mkl2829j4dmbwfcip3y7aqchb0amg5w-libSystem-11.0.0/lib -Wl,-rpath,/nix/store/ws2gp519barhs448xnchmgkcpy6vv752-postgresql-15.6-lib/lib    -lpq  -lruby-3.1.4 -lpq   "
ld: warning: directory not found for option '-L/nix/store/eeeeeeeeeeeeeeeeeeeeeeeeeeeeeeee-clang-wrapper-16.0.6/resource-root/lib'
checked program was:
/* begin */
 1: #include "ruby.h"
 2: 
 3: #include <libpq-fe.h>
 4: 
 5: /*top*/
 6: extern int t(void);
 7: int main(int argc, char **argv)
 8: {
 9:   if (argc > 1000000) {
10:     int (* volatile tp)(void)=(int (*)(void))&t;
11:     printf("%d", (*tp)());
12:   }
13: 
14:   return !!argv[argc];
15: }
16: int t(void) { void ((*volatile p)()); p = (void ((*)()))PQencryptPasswordConn; return !p; }
/* end */

--------------------

have_func: checking for PQresultMemorySize() in libpq-fe.h... -------------------- yes

DYLD_FALLBACK_LIBRARY_PATH=.:/nix/store/371nrncarg8z5rmbxzcxy9pqyrma3byh-ruby-3.1.4/lib "cc -o conftest -I/nix/store/371nrncarg8z5rmbxzcxy9pqyrma3byh-ruby-3.1.4/include/ruby-3.1.0/arm64-darwin21 -I/nix/store/371nrncarg8z5rmbxzcxy9pqyrma3byh-ruby-3.1.4/include/ruby-3.1.0/ruby/backward -I/nix/store/371nrncarg8z5rmbxzcxy9pqyrma3byh-ruby-3.1.4/include/ruby-3.1.0 -I. -I/nix/store/bwqslbl0ahcjnnafj6hqirs73dh3hg5s-postgresql-15.6/include -D_XOPEN_SOURCE -D_DARWIN_C_SOURCE -D_DARWIN_UNLIMITED_SELECT -D_REENTRANT   -fdeclspec -O3 -fno-fast-math -ggdb3 -Wall -Wextra -Wdeprecated-declarations -Wdivision-by-zero -Wimplicit-function-declaration -Wimplicit-int -Wmisleading-indentation -Wpointer-arith -Wshorten-64-to-32 -Wwrite-strings -Wold-style-definition -Wmissing-noreturn -Wno-cast-function-type -Wno-constant-logical-operand -Wno-long-long -Wno-missing-field-initializers -Wno-overlength-strings -Wno-parentheses-equality -Wno-self-assign -Wno-tautological-compare -Wno-unused-parameter -Wno-unused-value -Wunused-variable -Wextra-tokens -Wundef  -fno-common -pipe conftest.c  -L. -L/nix/store/371nrncarg8z5rmbxzcxy9pqyrma3byh-ruby-3.1.4/lib -L/nix/store/ws2gp519barhs448xnchmgkcpy6vv752-postgresql-15.6-lib/lib -L. -fstack-protector-strong -L/nix/store/dxf64wsfm6zzk4zqfsrd6pp1b1hpaa4k-libffi-3.4.6-dev/lib -L/nix/store/ddgw7xgm2z0xid2yd1d6plvmyb788gwz-ncurses-6.4-dev/lib -L/nix/store/lylg64gvabjy1jy1hla74jbaz0qm3xnm-readline-8.2p10-dev/lib -L/nix/store/cqd4jmx3ampyzq478lpkcaar3hxvf2cl-zlib-1.3.1-dev/lib -L/nix/store/qq2max2fnfhsxw2gajp7p2g3gfrkas41-openssl-3.0.13-dev/lib -L/nix/store/6cp76khcv16cr476w8nwfh40cbwk7ydv-gdbm-1.23/lib -L/nix/store/qm6saw7gf1mldn52r82zxw4bxilif0hk-libyaml-0.2.5-dev/lib -L/nix/store/p50dmis6dfj9i5qz7xyqkmdc928bv8c6-libiconv-50/lib -L/nix/store/7mjwvy5nnrbjq9x89cjknihx4138d9nx-libobjc-11.0.0/lib -L/nix/store/eeeeeeeeeeeeeeeeeeeeeeeeeeeeeeee-clang-wrapper-16.0.6/resource-root/lib -L/nix/store/0mkl2829j4dmbwfcip3y7aqchb0amg5w-libSystem-11.0.0/lib -Wl,-rpath,/nix/store/ws2gp519barhs448xnchmgkcpy6vv752-postgresql-15.6-lib/lib    -lpq  -lruby-3.1.4 -lpq   "
ld: warning: directory not found for option '-L/nix/store/eeeeeeeeeeeeeeeeeeeeeeeeeeeeeeee-clang-wrapper-16.0.6/resource-root/lib'
checked program was:
/* begin */
 1: #include "ruby.h"
 2: 
 3: #include <libpq-fe.h>
 4: 
 5: /*top*/
 6: extern int t(void);
 7: int main(int argc, char **argv)
 8: {
 9:   if (argc > 1000000) {
10:     int (* volatile tp)(void)=(int (*)(void))&t;
11:     printf("%d", (*tp)());
12:   }
13: 
14:   return !!argv[argc];
15: }
16: int t(void) { void ((*volatile p)()); p = (void ((*)()))PQresultMemorySize; return !p; }
/* end */

--------------------

have_func: checking for PQenterPipelineMode() in libpq-fe.h... -------------------- yes

DYLD_FALLBACK_LIBRARY_PATH=.:/nix/store/371nrncarg8z5rmbxzcxy9pqyrma3byh-ruby-3.1.4/lib "cc -o conftest -I/nix/store/371nrncarg8z5rmbxzcxy9pqyrma3byh-ruby-3.1.4/include/ruby-3.1.0/arm64-darwin21 -I/nix/store/371nrncarg8z5rmbxzcxy9pqyrma3byh-ruby-3.1.4/include/ruby-3.1.0/ruby/backward -I/nix/store/371nrncarg8z5rmbxzcxy9pqyrma3byh-ruby-3.1.4/include/ruby-3.1.0 -I. -I/nix/store/bwqslbl0ahcjnnafj6hqirs73dh3hg5s-postgresql-15.6/include -D_XOPEN_SOURCE -D_DARWIN_C_SOURCE -D_DARWIN_UNLIMITED_SELECT -D_REENTRANT   -fdeclspec -O3 -fno-fast-math -ggdb3 -Wall -Wextra -Wdeprecated-declarations -Wdivision-by-zero -Wimplicit-function-declaration -Wimplicit-int -Wmisleading-indentation -Wpointer-arith -Wshorten-64-to-32 -Wwrite-strings -Wold-style-definition -Wmissing-noreturn -Wno-cast-function-type -Wno-constant-logical-operand -Wno-long-long -Wno-missing-field-initializers -Wno-overlength-strings -Wno-parentheses-equality -Wno-self-assign -Wno-tautological-compare -Wno-unused-parameter -Wno-unused-value -Wunused-variable -Wextra-tokens -Wundef  -fno-common -pipe conftest.c  -L. -L/nix/store/371nrncarg8z5rmbxzcxy9pqyrma3byh-ruby-3.1.4/lib -L/nix/store/ws2gp519barhs448xnchmgkcpy6vv752-postgresql-15.6-lib/lib -L. -fstack-protector-strong -L/nix/store/dxf64wsfm6zzk4zqfsrd6pp1b1hpaa4k-libffi-3.4.6-dev/lib -L/nix/store/ddgw7xgm2z0xid2yd1d6plvmyb788gwz-ncurses-6.4-dev/lib -L/nix/store/lylg64gvabjy1jy1hla74jbaz0qm3xnm-readline-8.2p10-dev/lib -L/nix/store/cqd4jmx3ampyzq478lpkcaar3hxvf2cl-zlib-1.3.1-dev/lib -L/nix/store/qq2max2fnfhsxw2gajp7p2g3gfrkas41-openssl-3.0.13-dev/lib -L/nix/store/6cp76khcv16cr476w8nwfh40cbwk7ydv-gdbm-1.23/lib -L/nix/store/qm6saw7gf1mldn52r82zxw4bxilif0hk-libyaml-0.2.5-dev/lib -L/nix/store/p50dmis6dfj9i5qz7xyqkmdc928bv8c6-libiconv-50/lib -L/nix/store/7mjwvy5nnrbjq9x89cjknihx4138d9nx-libobjc-11.0.0/lib -L/nix/store/eeeeeeeeeeeeeeeeeeeeeeeeeeeeeeee-clang-wrapper-16.0.6/resource-root/lib -L/nix/store/0mkl2829j4dmbwfcip3y7aqchb0amg5w-libSystem-11.0.0/lib -Wl,-rpath,/nix/store/ws2gp519barhs448xnchmgkcpy6vv752-postgresql-15.6-lib/lib    -lpq  -lruby-3.1.4 -lpq   "
ld: warning: directory not found for option '-L/nix/store/eeeeeeeeeeeeeeeeeeeeeeeeeeeeeeee-clang-wrapper-16.0.6/resource-root/lib'
checked program was:
/* begin */
 1: #include "ruby.h"
 2: 
 3: #include <libpq-fe.h>
 4: 
 5: /*top*/
 6: extern int t(void);
 7: int main(int argc, char **argv)
 8: {
 9:   if (argc > 1000000) {
10:     int (* volatile tp)(void)=(int (*)(void))&t;
11:     printf("%d", (*tp)());
12:   }
13: 
14:   return !!argv[argc];
15: }
16: int t(void) { void ((*volatile p)()); p = (void ((*)()))PQenterPipelineMode; return !p; }
17:  int con(){ return PGRES_PIPELINE_SYNC; }
/* end */

--------------------

have_func: checking for timegm()... -------------------- yes

DYLD_FALLBACK_LIBRARY_PATH=.:/nix/store/371nrncarg8z5rmbxzcxy9pqyrma3byh-ruby-3.1.4/lib "cc -o conftest -I/nix/store/371nrncarg8z5rmbxzcxy9pqyrma3byh-ruby-3.1.4/include/ruby-3.1.0/arm64-darwin21 -I/nix/store/371nrncarg8z5rmbxzcxy9pqyrma3byh-ruby-3.1.4/include/ruby-3.1.0/ruby/backward -I/nix/store/371nrncarg8z5rmbxzcxy9pqyrma3byh-ruby-3.1.4/include/ruby-3.1.0 -I. -I/nix/store/bwqslbl0ahcjnnafj6hqirs73dh3hg5s-postgresql-15.6/include -D_XOPEN_SOURCE -D_DARWIN_C_SOURCE -D_DARWIN_UNLIMITED_SELECT -D_REENTRANT   -fdeclspec -O3 -fno-fast-math -ggdb3 -Wall -Wextra -Wdeprecated-declarations -Wdivision-by-zero -Wimplicit-function-declaration -Wimplicit-int -Wmisleading-indentation -Wpointer-arith -Wshorten-64-to-32 -Wwrite-strings -Wold-style-definition -Wmissing-noreturn -Wno-cast-function-type -Wno-constant-logical-operand -Wno-long-long -Wno-missing-field-initializers -Wno-overlength-strings -Wno-parentheses-equality -Wno-self-assign -Wno-tautological-compare -Wno-unused-parameter -Wno-unused-value -Wunused-variable -Wextra-tokens -Wundef  -fno-common -pipe conftest.c  -L. -L/nix/store/371nrncarg8z5rmbxzcxy9pqyrma3byh-ruby-3.1.4/lib -L/nix/store/ws2gp519barhs448xnchmgkcpy6vv752-postgresql-15.6-lib/lib -L. -fstack-protector-strong -L/nix/store/dxf64wsfm6zzk4zqfsrd6pp1b1hpaa4k-libffi-3.4.6-dev/lib -L/nix/store/ddgw7xgm2z0xid2yd1d6plvmyb788gwz-ncurses-6.4-dev/lib -L/nix/store/lylg64gvabjy1jy1hla74jbaz0qm3xnm-readline-8.2p10-dev/lib -L/nix/store/cqd4jmx3ampyzq478lpkcaar3hxvf2cl-zlib-1.3.1-dev/lib -L/nix/store/qq2max2fnfhsxw2gajp7p2g3gfrkas41-openssl-3.0.13-dev/lib -L/nix/store/6cp76khcv16cr476w8nwfh40cbwk7ydv-gdbm-1.23/lib -L/nix/store/qm6saw7gf1mldn52r82zxw4bxilif0hk-libyaml-0.2.5-dev/lib -L/nix/store/p50dmis6dfj9i5qz7xyqkmdc928bv8c6-libiconv-50/lib -L/nix/store/7mjwvy5nnrbjq9x89cjknihx4138d9nx-libobjc-11.0.0/lib -L/nix/store/eeeeeeeeeeeeeeeeeeeeeeeeeeeeeeee-clang-wrapper-16.0.6/resource-root/lib -L/nix/store/0mkl2829j4dmbwfcip3y7aqchb0amg5w-libSystem-11.0.0/lib -Wl,-rpath,/nix/store/ws2gp519barhs448xnchmgkcpy6vv752-postgresql-15.6-lib/lib    -lpq  -lruby-3.1.4 -lpq   "
ld: warning: directory not found for option '-L/nix/store/eeeeeeeeeeeeeeeeeeeeeeeeeeeeeeee-clang-wrapper-16.0.6/resource-root/lib'
checked program was:
/* begin */
 1: #include "ruby.h"
 2: 
 3: /*top*/
 4: extern int t(void);
 5: int main(int argc, char **argv)
 6: {
 7:   if (argc > 1000000) {
 8:     int (* volatile tp)(void)=(int (*)(void))&t;
 9:     printf("%d", (*tp)());
10:   }
11: 
12:   return !!argv[argc];
13: }
14: int t(void) { void ((*volatile p)()); p = (void ((*)()))timegm; return !p; }
/* end */

--------------------

have_func: checking for rb_gc_adjust_memory_usage()... -------------------- yes

DYLD_FALLBACK_LIBRARY_PATH=.:/nix/store/371nrncarg8z5rmbxzcxy9pqyrma3byh-ruby-3.1.4/lib "cc -o conftest -I/nix/store/371nrncarg8z5rmbxzcxy9pqyrma3byh-ruby-3.1.4/include/ruby-3.1.0/arm64-darwin21 -I/nix/store/371nrncarg8z5rmbxzcxy9pqyrma3byh-ruby-3.1.4/include/ruby-3.1.0/ruby/backward -I/nix/store/371nrncarg8z5rmbxzcxy9pqyrma3byh-ruby-3.1.4/include/ruby-3.1.0 -I. -I/nix/store/bwqslbl0ahcjnnafj6hqirs73dh3hg5s-postgresql-15.6/include -D_XOPEN_SOURCE -D_DARWIN_C_SOURCE -D_DARWIN_UNLIMITED_SELECT -D_REENTRANT   -fdeclspec -O3 -fno-fast-math -ggdb3 -Wall -Wextra -Wdeprecated-declarations -Wdivision-by-zero -Wimplicit-function-declaration -Wimplicit-int -Wmisleading-indentation -Wpointer-arith -Wshorten-64-to-32 -Wwrite-strings -Wold-style-definition -Wmissing-noreturn -Wno-cast-function-type -Wno-constant-logical-operand -Wno-long-long -Wno-missing-field-initializers -Wno-overlength-strings -Wno-parentheses-equality -Wno-self-assign -Wno-tautological-compare -Wno-unused-parameter -Wno-unused-value -Wunused-variable -Wextra-tokens -Wundef  -fno-common -pipe conftest.c  -L. -L/nix/store/371nrncarg8z5rmbxzcxy9pqyrma3byh-ruby-3.1.4/lib -L/nix/store/ws2gp519barhs448xnchmgkcpy6vv752-postgresql-15.6-lib/lib -L. -fstack-protector-strong -L/nix/store/dxf64wsfm6zzk4zqfsrd6pp1b1hpaa4k-libffi-3.4.6-dev/lib -L/nix/store/ddgw7xgm2z0xid2yd1d6plvmyb788gwz-ncurses-6.4-dev/lib -L/nix/store/lylg64gvabjy1jy1hla74jbaz0qm3xnm-readline-8.2p10-dev/lib -L/nix/store/cqd4jmx3ampyzq478lpkcaar3hxvf2cl-zlib-1.3.1-dev/lib -L/nix/store/qq2max2fnfhsxw2gajp7p2g3gfrkas41-openssl-3.0.13-dev/lib -L/nix/store/6cp76khcv16cr476w8nwfh40cbwk7ydv-gdbm-1.23/lib -L/nix/store/qm6saw7gf1mldn52r82zxw4bxilif0hk-libyaml-0.2.5-dev/lib -L/nix/store/p50dmis6dfj9i5qz7xyqkmdc928bv8c6-libiconv-50/lib -L/nix/store/7mjwvy5nnrbjq9x89cjknihx4138d9nx-libobjc-11.0.0/lib -L/nix/store/eeeeeeeeeeeeeeeeeeeeeeeeeeeeeeee-clang-wrapper-16.0.6/resource-root/lib -L/nix/store/0mkl2829j4dmbwfcip3y7aqchb0amg5w-libSystem-11.0.0/lib -Wl,-rpath,/nix/store/ws2gp519barhs448xnchmgkcpy6vv752-postgresql-15.6-lib/lib    -lpq  -lruby-3.1.4 -lpq   "
ld: warning: directory not found for option '-L/nix/store/eeeeeeeeeeeeeeeeeeeeeeeeeeeeeeee-clang-wrapper-16.0.6/resource-root/lib'
checked program was:
/* begin */
 1: #include "ruby.h"
 2: 
 3: /*top*/
 4: extern int t(void);
 5: int main(int argc, char **argv)
 6: {
 7:   if (argc > 1000000) {
 8:     int (* volatile tp)(void)=(int (*)(void))&t;
 9:     printf("%d", (*tp)());
10:   }
11: 
12:   return !!argv[argc];
13: }
14: int t(void) { void ((*volatile p)()); p = (void ((*)()))rb_gc_adjust_memory_usage; return !p; }
/* end */

--------------------

have_func: checking for rb_gc_mark_movable()... -------------------- yes

DYLD_FALLBACK_LIBRARY_PATH=.:/nix/store/371nrncarg8z5rmbxzcxy9pqyrma3byh-ruby-3.1.4/lib "cc -o conftest -I/nix/store/371nrncarg8z5rmbxzcxy9pqyrma3byh-ruby-3.1.4/include/ruby-3.1.0/arm64-darwin21 -I/nix/store/371nrncarg8z5rmbxzcxy9pqyrma3byh-ruby-3.1.4/include/ruby-3.1.0/ruby/backward -I/nix/store/371nrncarg8z5rmbxzcxy9pqyrma3byh-ruby-3.1.4/include/ruby-3.1.0 -I. -I/nix/store/bwqslbl0ahcjnnafj6hqirs73dh3hg5s-postgresql-15.6/include -D_XOPEN_SOURCE -D_DARWIN_C_SOURCE -D_DARWIN_UNLIMITED_SELECT -D_REENTRANT   -fdeclspec -O3 -fno-fast-math -ggdb3 -Wall -Wextra -Wdeprecated-declarations -Wdivision-by-zero -Wimplicit-function-declaration -Wimplicit-int -Wmisleading-indentation -Wpointer-arith -Wshorten-64-to-32 -Wwrite-strings -Wold-style-definition -Wmissing-noreturn -Wno-cast-function-type -Wno-constant-logical-operand -Wno-long-long -Wno-missing-field-initializers -Wno-overlength-strings -Wno-parentheses-equality -Wno-self-assign -Wno-tautological-compare -Wno-unused-parameter -Wno-unused-value -Wunused-variable -Wextra-tokens -Wundef  -fno-common -pipe conftest.c  -L. -L/nix/store/371nrncarg8z5rmbxzcxy9pqyrma3byh-ruby-3.1.4/lib -L/nix/store/ws2gp519barhs448xnchmgkcpy6vv752-postgresql-15.6-lib/lib -L. -fstack-protector-strong -L/nix/store/dxf64wsfm6zzk4zqfsrd6pp1b1hpaa4k-libffi-3.4.6-dev/lib -L/nix/store/ddgw7xgm2z0xid2yd1d6plvmyb788gwz-ncurses-6.4-dev/lib -L/nix/store/lylg64gvabjy1jy1hla74jbaz0qm3xnm-readline-8.2p10-dev/lib -L/nix/store/cqd4jmx3ampyzq478lpkcaar3hxvf2cl-zlib-1.3.1-dev/lib -L/nix/store/qq2max2fnfhsxw2gajp7p2g3gfrkas41-openssl-3.0.13-dev/lib -L/nix/store/6cp76khcv16cr476w8nwfh40cbwk7ydv-gdbm-1.23/lib -L/nix/store/qm6saw7gf1mldn52r82zxw4bxilif0hk-libyaml-0.2.5-dev/lib -L/nix/store/p50dmis6dfj9i5qz7xyqkmdc928bv8c6-libiconv-50/lib -L/nix/store/7mjwvy5nnrbjq9x89cjknihx4138d9nx-libobjc-11.0.0/lib -L/nix/store/eeeeeeeeeeeeeeeeeeeeeeeeeeeeeeee-clang-wrapper-16.0.6/resource-root/lib -L/nix/store/0mkl2829j4dmbwfcip3y7aqchb0amg5w-libSystem-11.0.0/lib -Wl,-rpath,/nix/store/ws2gp519barhs448xnchmgkcpy6vv752-postgresql-15.6-lib/lib    -lpq  -lruby-3.1.4 -lpq   "
ld: warning: directory not found for option '-L/nix/store/eeeeeeeeeeeeeeeeeeeeeeeeeeeeeeee-clang-wrapper-16.0.6/resource-root/lib'
checked program was:
/* begin */
 1: #include "ruby.h"
 2: 
 3: /*top*/
 4: extern int t(void);
 5: int main(int argc, char **argv)
 6: {
 7:   if (argc > 1000000) {
 8:     int (* volatile tp)(void)=(int (*)(void))&t;
 9:     printf("%d", (*tp)());
10:   }
11: 
12:   return !!argv[argc];
13: }
14: int t(void) { void ((*volatile p)()); p = (void ((*)()))rb_gc_mark_movable; return !p; }
/* end */

--------------------

have_func: checking for rb_io_wait()... -------------------- yes

DYLD_FALLBACK_LIBRARY_PATH=.:/nix/store/371nrncarg8z5rmbxzcxy9pqyrma3byh-ruby-3.1.4/lib "cc -o conftest -I/nix/store/371nrncarg8z5rmbxzcxy9pqyrma3byh-ruby-3.1.4/include/ruby-3.1.0/arm64-darwin21 -I/nix/store/371nrncarg8z5rmbxzcxy9pqyrma3byh-ruby-3.1.4/include/ruby-3.1.0/ruby/backward -I/nix/store/371nrncarg8z5rmbxzcxy9pqyrma3byh-ruby-3.1.4/include/ruby-3.1.0 -I. -I/nix/store/bwqslbl0ahcjnnafj6hqirs73dh3hg5s-postgresql-15.6/include -D_XOPEN_SOURCE -D_DARWIN_C_SOURCE -D_DARWIN_UNLIMITED_SELECT -D_REENTRANT   -fdeclspec -O3 -fno-fast-math -ggdb3 -Wall -Wextra -Wdeprecated-declarations -Wdivision-by-zero -Wimplicit-function-declaration -Wimplicit-int -Wmisleading-indentation -Wpointer-arith -Wshorten-64-to-32 -Wwrite-strings -Wold-style-definition -Wmissing-noreturn -Wno-cast-function-type -Wno-constant-logical-operand -Wno-long-long -Wno-missing-field-initializers -Wno-overlength-strings -Wno-parentheses-equality -Wno-self-assign -Wno-tautological-compare -Wno-unused-parameter -Wno-unused-value -Wunused-variable -Wextra-tokens -Wundef  -fno-common -pipe conftest.c  -L. -L/nix/store/371nrncarg8z5rmbxzcxy9pqyrma3byh-ruby-3.1.4/lib -L/nix/store/ws2gp519barhs448xnchmgkcpy6vv752-postgresql-15.6-lib/lib -L. -fstack-protector-strong -L/nix/store/dxf64wsfm6zzk4zqfsrd6pp1b1hpaa4k-libffi-3.4.6-dev/lib -L/nix/store/ddgw7xgm2z0xid2yd1d6plvmyb788gwz-ncurses-6.4-dev/lib -L/nix/store/lylg64gvabjy1jy1hla74jbaz0qm3xnm-readline-8.2p10-dev/lib -L/nix/store/cqd4jmx3ampyzq478lpkcaar3hxvf2cl-zlib-1.3.1-dev/lib -L/nix/store/qq2max2fnfhsxw2gajp7p2g3gfrkas41-openssl-3.0.13-dev/lib -L/nix/store/6cp76khcv16cr476w8nwfh40cbwk7ydv-gdbm-1.23/lib -L/nix/store/qm6saw7gf1mldn52r82zxw4bxilif0hk-libyaml-0.2.5-dev/lib -L/nix/store/p50dmis6dfj9i5qz7xyqkmdc928bv8c6-libiconv-50/lib -L/nix/store/7mjwvy5nnrbjq9x89cjknihx4138d9nx-libobjc-11.0.0/lib -L/nix/store/eeeeeeeeeeeeeeeeeeeeeeeeeeeeeeee-clang-wrapper-16.0.6/resource-root/lib -L/nix/store/0mkl2829j4dmbwfcip3y7aqchb0amg5w-libSystem-11.0.0/lib -Wl,-rpath,/nix/store/ws2gp519barhs448xnchmgkcpy6vv752-postgresql-15.6-lib/lib    -lpq  -lruby-3.1.4 -lpq   "
conftest.c:14:57: error: use of undeclared identifier 'rb_io_wait'
int t(void) { void ((*volatile p)()); p = (void ((*)()))rb_io_wait; return !p; }
                                                        ^
1 error generated.
checked program was:
/* begin */
 1: #include "ruby.h"
 2: 
 3: /*top*/
 4: extern int t(void);
 5: int main(int argc, char **argv)
 6: {
 7:   if (argc > 1000000) {
 8:     int (* volatile tp)(void)=(int (*)(void))&t;
 9:     printf("%d", (*tp)());
10:   }
11: 
12:   return !!argv[argc];
13: }
14: int t(void) { void ((*volatile p)()); p = (void ((*)()))rb_io_wait; return !p; }
/* end */

DYLD_FALLBACK_LIBRARY_PATH=.:/nix/store/371nrncarg8z5rmbxzcxy9pqyrma3byh-ruby-3.1.4/lib "cc -o conftest -I/nix/store/371nrncarg8z5rmbxzcxy9pqyrma3byh-ruby-3.1.4/include/ruby-3.1.0/arm64-darwin21 -I/nix/store/371nrncarg8z5rmbxzcxy9pqyrma3byh-ruby-3.1.4/include/ruby-3.1.0/ruby/backward -I/nix/store/371nrncarg8z5rmbxzcxy9pqyrma3byh-ruby-3.1.4/include/ruby-3.1.0 -I. -I/nix/store/bwqslbl0ahcjnnafj6hqirs73dh3hg5s-postgresql-15.6/include -D_XOPEN_SOURCE -D_DARWIN_C_SOURCE -D_DARWIN_UNLIMITED_SELECT -D_REENTRANT   -fdeclspec -O3 -fno-fast-math -ggdb3 -Wall -Wextra -Wdeprecated-declarations -Wdivision-by-zero -Wimplicit-function-declaration -Wimplicit-int -Wmisleading-indentation -Wpointer-arith -Wshorten-64-to-32 -Wwrite-strings -Wold-style-definition -Wmissing-noreturn -Wno-cast-function-type -Wno-constant-logical-operand -Wno-long-long -Wno-missing-field-initializers -Wno-overlength-strings -Wno-parentheses-equality -Wno-self-assign -Wno-tautological-compare -Wno-unused-parameter -Wno-unused-value -Wunused-variable -Wextra-tokens -Wundef  -fno-common -pipe conftest.c  -L. -L/nix/store/371nrncarg8z5rmbxzcxy9pqyrma3byh-ruby-3.1.4/lib -L/nix/store/ws2gp519barhs448xnchmgkcpy6vv752-postgresql-15.6-lib/lib -L. -fstack-protector-strong -L/nix/store/dxf64wsfm6zzk4zqfsrd6pp1b1hpaa4k-libffi-3.4.6-dev/lib -L/nix/store/ddgw7xgm2z0xid2yd1d6plvmyb788gwz-ncurses-6.4-dev/lib -L/nix/store/lylg64gvabjy1jy1hla74jbaz0qm3xnm-readline-8.2p10-dev/lib -L/nix/store/cqd4jmx3ampyzq478lpkcaar3hxvf2cl-zlib-1.3.1-dev/lib -L/nix/store/qq2max2fnfhsxw2gajp7p2g3gfrkas41-openssl-3.0.13-dev/lib -L/nix/store/6cp76khcv16cr476w8nwfh40cbwk7ydv-gdbm-1.23/lib -L/nix/store/qm6saw7gf1mldn52r82zxw4bxilif0hk-libyaml-0.2.5-dev/lib -L/nix/store/p50dmis6dfj9i5qz7xyqkmdc928bv8c6-libiconv-50/lib -L/nix/store/7mjwvy5nnrbjq9x89cjknihx4138d9nx-libobjc-11.0.0/lib -L/nix/store/eeeeeeeeeeeeeeeeeeeeeeeeeeeeeeee-clang-wrapper-16.0.6/resource-root/lib -L/nix/store/0mkl2829j4dmbwfcip3y7aqchb0amg5w-libSystem-11.0.0/lib -Wl,-rpath,/nix/store/ws2gp519barhs448xnchmgkcpy6vv752-postgresql-15.6-lib/lib    -lpq  -lruby-3.1.4 -lpq   "
ld: warning: directory not found for option '-L/nix/store/eeeeeeeeeeeeeeeeeeeeeeeeeeeeeeee-clang-wrapper-16.0.6/resource-root/lib'
checked program was:
/* begin */
 1: #include "ruby.h"
 2: 
 3: /*top*/
 4: extern int t(void);
 5: int main(int argc, char **argv)
 6: {
 7:   if (argc > 1000000) {
 8:     int (* volatile tp)(void)=(int (*)(void))&t;
 9:     printf("%d", (*tp)());
10:   }
11: 
12:   return !!argv[argc];
13: }
14: extern void rb_io_wait();
15: int t(void) { rb_io_wait(); return 0; }
/* end */

--------------------

have_header: checking for unistd.h... -------------------- yes

DYLD_FALLBACK_LIBRARY_PATH=.:/nix/store/371nrncarg8z5rmbxzcxy9pqyrma3byh-ruby-3.1.4/lib "cc -I/nix/store/371nrncarg8z5rmbxzcxy9pqyrma3byh-ruby-3.1.4/include/ruby-3.1.0/arm64-darwin21 -I/nix/store/371nrncarg8z5rmbxzcxy9pqyrma3byh-ruby-3.1.4/include/ruby-3.1.0/ruby/backward -I/nix/store/371nrncarg8z5rmbxzcxy9pqyrma3byh-ruby-3.1.4/include/ruby-3.1.0 -I. -I/nix/store/bwqslbl0ahcjnnafj6hqirs73dh3hg5s-postgresql-15.6/include -D_XOPEN_SOURCE -D_DARWIN_C_SOURCE -D_DARWIN_UNLIMITED_SELECT -D_REENTRANT   -fdeclspec -O3 -fno-fast-math -ggdb3 -Wall -Wextra -Wdeprecated-declarations -Wdivision-by-zero -Wimplicit-function-declaration -Wimplicit-int -Wmisleading-indentation -Wpointer-arith -Wshorten-64-to-32 -Wwrite-strings -Wold-style-definition -Wmissing-noreturn -Wno-cast-function-type -Wno-constant-logical-operand -Wno-long-long -Wno-missing-field-initializers -Wno-overlength-strings -Wno-parentheses-equality -Wno-self-assign -Wno-tautological-compare -Wno-unused-parameter -Wno-unused-value -Wunused-variable -Wextra-tokens -Wundef  -fno-common -pipe   -c conftest.c"
checked program was:
/* begin */
1: #include "ruby.h"
2: 
3: #include <unistd.h>
/* end */

--------------------

have_header: checking for inttypes.h... -------------------- yes

DYLD_FALLBACK_LIBRARY_PATH=.:/nix/store/371nrncarg8z5rmbxzcxy9pqyrma3byh-ruby-3.1.4/lib "cc -I/nix/store/371nrncarg8z5rmbxzcxy9pqyrma3byh-ruby-3.1.4/include/ruby-3.1.0/arm64-darwin21 -I/nix/store/371nrncarg8z5rmbxzcxy9pqyrma3byh-ruby-3.1.4/include/ruby-3.1.0/ruby/backward -I/nix/store/371nrncarg8z5rmbxzcxy9pqyrma3byh-ruby-3.1.4/include/ruby-3.1.0 -I. -I/nix/store/bwqslbl0ahcjnnafj6hqirs73dh3hg5s-postgresql-15.6/include -D_XOPEN_SOURCE -D_DARWIN_C_SOURCE -D_DARWIN_UNLIMITED_SELECT -D_REENTRANT   -fdeclspec -O3 -fno-fast-math -ggdb3 -Wall -Wextra -Wdeprecated-declarations -Wdivision-by-zero -Wimplicit-function-declaration -Wimplicit-int -Wmisleading-indentation -Wpointer-arith -Wshorten-64-to-32 -Wwrite-strings -Wold-style-definition -Wmissing-noreturn -Wno-cast-function-type -Wno-constant-logical-operand -Wno-long-long -Wno-missing-field-initializers -Wno-overlength-strings -Wno-parentheses-equality -Wno-self-assign -Wno-tautological-compare -Wno-unused-parameter -Wno-unused-value -Wunused-variable -Wextra-tokens -Wundef  -fno-common -pipe   -c conftest.c"
checked program was:
/* begin */
1: #include "ruby.h"
2: 
3: #include <inttypes.h>
/* end */

--------------------

checking for C99 variable length arrays... -------------------- yes

DYLD_FALLBACK_LIBRARY_PATH=.:/nix/store/371nrncarg8z5rmbxzcxy9pqyrma3byh-ruby-3.1.4/lib "cc -I/nix/store/371nrncarg8z5rmbxzcxy9pqyrma3byh-ruby-3.1.4/include/ruby-3.1.0/arm64-darwin21 -I/nix/store/371nrncarg8z5rmbxzcxy9pqyrma3byh-ruby-3.1.4/include/ruby-3.1.0/ruby/backward -I/nix/store/371nrncarg8z5rmbxzcxy9pqyrma3byh-ruby-3.1.4/include/ruby-3.1.0 -I. -I/nix/store/bwqslbl0ahcjnnafj6hqirs73dh3hg5s-postgresql-15.6/include -D_XOPEN_SOURCE -D_DARWIN_C_SOURCE -D_DARWIN_UNLIMITED_SELECT -D_REENTRANT   -fdeclspec -O3 -fno-fast-math -ggdb3 -Wall -Wextra -Wdeprecated-declarations -Wdivision-by-zero -Wimplicit-function-declaration -Wimplicit-int -Wmisleading-indentation -Wpointer-arith -Wshorten-64-to-32 -Wwrite-strings -Wold-style-definition -Wmissing-noreturn -Wno-cast-function-type -Wno-constant-logical-operand -Wno-long-long -Wno-missing-field-initializers -Wno-overlength-strings -Wno-parentheses-equality -Wno-self-assign -Wno-tautological-compare -Wno-unused-parameter -Wno-unused-value -Wunused-variable -Wextra-tokens -Wundef  -fno-common -pipe   -c conftest.c"
conftest.c:3:27: warning: unused variable 'vla' [-Wunused-variable]
void test_vla(int l){ int vla[l]; }
                          ^
1 warning generated.
checked program was:
/* begin */
1: #include "ruby.h"
2: 
3: void test_vla(int l){ int vla[l]; }
/* end */

--------------------

extconf.h is:
/* begin */
 1: #ifndef EXTCONF_H
 2: #define EXTCONF_H
 3: #define ENABLE_GVL_UNLOCK 1
 4: #define HAVE_PQCONNINFO 1
 5: #define HAVE_PQSSLATTRIBUTE 1
 6: #define HAVE_PQRESULTVERBOSEERRORMESSAGE 1
 7: #define HAVE_PQENCRYPTPASSWORDCONN 1
 8: #define HAVE_PQRESULTMEMORYSIZE 1
 9: #define HAVE_PQENTERPIPELINEMODE 1
10: #define HAVE_TIMEGM 1
11: #define HAVE_RB_GC_ADJUST_MEMORY_USAGE 1
12: #define HAVE_RB_GC_MARK_MOVABLE 1
13: #define HAVE_RB_IO_WAIT 1
14: #define HAVE_UNISTD_H 1
15: #define HAVE_INTTYPES_H 1
16: #define HAVE_VARIABLE_LENGTH_ARRAYS 1
17: #endif
/* end */

